生成启动时间为 2015/1/4 19:41:30。
     1>项目“E:\windows\belial\miracl\miracl.vcxproj”在节点 2 上(build 个目标)。
     1>InitializeBuildStatus:
         正在对“x64\Debug\miracl.unsuccessfulbuild”执行 Touch 任务。
       ClCompile:
         D:\Microsoft Visual Studio 10.0\VC\bin\x86_amd64\CL.exe /c /Zi /nologo /W3 /WX- /Od /D WIN32 /D _DEBUG /D _LIB /D _UNICODE /D UNICODE /Gm /EHsc /RTC1 /MDd /GS /fp:precise /Zc:wchar_t /Zc:forScope /Fo"x64\Debug\\" /Fd"x64\Debug\vc100.pdb" /Gd /TC /errorReport:prompt mraes.c mralloc.c mrarth0.c mrarth1.c mrarth2.c mrarth3.c mrbits.c mrbrick.c mrbuild.c mrcore.c mrcrt.c mrcurve.c mrdouble.c mrebrick.c mrec2m.c mrecn2.c mrfast.c mrflash.c mrflsh1.c mrflsh2.c mrflsh3.c mrflsh4.c mrfrnd.c mrgcd.c mrgcm.c mrgf2m.c mrio1.c mrio2.c mrjack.c mrlucas.c mrmonty.c mrmuldv.c mrpi.c mrpower.c mrprime.c mrrand.c mrround.c mrscrt.c mrshs.c mrshs256.c mrshs512.c mrsmall.c mrsroot.c mrstrong.c mrxgcd.c mrzzn2.c mrzzn2b.c mrzzn3.c
         mrzzn3.c
         mrzzn2b.c
         mrzzn2.c
         mrxgcd.c
         mrstrong.c
         mrsroot.c
         mrsmall.c
         mrshs512.c
         mrshs256.c
         mrshs.c
         mrscrt.c
     1>mrscrt.c(129): error C4235: 使用了非标准扩展: 不支持在此结构上使用“_asm”关键字
     1>mrscrt.c(129): error C2065: “mov”: 未声明的标识符
     1>mrscrt.c(129): error C2146: 语法错误: 缺少“;”(在标识符“ebx”的前面)
     1>mrscrt.c(129): error C2065: “ebx”: 未声明的标识符
     1>mrscrt.c(129): error C2065: “DWORD”: 未声明的标识符
     1>mrscrt.c(129): error C2146: 语法错误: 缺少“;”(在标识符“PTR”的前面)
     1>mrscrt.c(129): error C2065: “PTR”: 未声明的标识符
     1>mrscrt.c(129): error C2146: 语法错误: 缺少“;”(在标识符“V”的前面)
     1>mrscrt.c(130): error C2143: 语法错误 : 缺少“;”(在“__asm”的前面)
     1>mrscrt.c(130): error C4235: 使用了非标准扩展: 不支持在此结构上使用“_asm”关键字
     1>mrscrt.c(130): error C2065: “mov”: 未声明的标识符
     1>mrscrt.c(130): error C2146: 语法错误: 缺少“;”(在标识符“esi”的前面)
     1>mrscrt.c(130): error C2065: “esi”: 未声明的标识符
     1>mrscrt.c(130): error C2065: “DWORD”: 未声明的标识符
     1>mrscrt.c(130): error C2146: 语法错误: 缺少“;”(在标识符“PTR”的前面)
     1>mrscrt.c(130): error C2065: “PTR”: 未声明的标识符
     1>mrscrt.c(130): error C2146: 语法错误: 缺少“;”(在标识符“M”的前面)
     1>mrscrt.c(131): error C2143: 语法错误 : 缺少“;”(在“__asm”的前面)
     1>mrscrt.c(131): error C4235: 使用了非标准扩展: 不支持在此结构上使用“_asm”关键字
     1>mrscrt.c(131): error C2065: “mov”: 未声明的标识符
     1>mrscrt.c(131): error C2146: 语法错误: 缺少“;”(在标识符“edi”的前面)
     1>mrscrt.c(131): error C2065: “edi”: 未声明的标识符
     1>mrscrt.c(131): error C2065: “DWORD”: 未声明的标识符
     1>mrscrt.c(131): error C2146: 语法错误: 缺少“;”(在标识符“PTR”的前面)
     1>mrscrt.c(131): error C2065: “PTR”: 未声明的标识符
     1>mrscrt.c(131): error C2146: 语法错误: 缺少“;”(在标识符“C”的前面)
     1>mrscrt.c(132): error C2143: 语法错误 : 缺少“;”(在“__asm”的前面)
     1>mrscrt.c(132): error C4235: 使用了非标准扩展: 不支持在此结构上使用“_asm”关键字
     1>mrscrt.c(132): error C2065: “mov”: 未声明的标识符
     1>mrscrt.c(132): error C2146: 语法错误: 缺少“;”(在标识符“ecx”的前面)
     1>mrscrt.c(132): error C2065: “ecx”: 未声明的标识符
     1>mrscrt.c(133): error C2143: 语法错误 : 缺少“;”(在“__asm”的前面)
     1>mrscrt.c(133): error C4235: 使用了非标准扩展: 不支持在此结构上使用“_asm”关键字
     1>mrscrt.c(133): error C2065: “mov”: 未声明的标识符
     1>mrscrt.c(133): error C2146: 语法错误: 缺少“;”(在标识符“edx”的前面)
     1>mrscrt.c(133): error C2065: “edx”: 未声明的标识符
     1>mrscrt.c(133): error C2065: “DWORD”: 未声明的标识符
     1>mrscrt.c(133): error C2146: 语法错误: 缺少“;”(在标识符“PTR”的前面)
     1>mrscrt.c(133): error C2065: “PTR”: 未声明的标识符
     1>mrscrt.c(133): error C2146: 语法错误: 缺少“;”(在标识符“i”的前面)
     1>mrscrt.c(134): error C2143: 语法错误 : 缺少“;”(在“__asm”的前面)
     1>mrscrt.c(134): error C4235: 使用了非标准扩展: 不支持在此结构上使用“_asm”关键字
     1>mrscrt.c(134): error C2065: “mov”: 未声明的标识符
     1>mrscrt.c(134): error C2146: 语法错误: 缺少“;”(在标识符“esi”的前面)
     1>mrscrt.c(134): error C2065: “esi”: 未声明的标识符
     1>mrscrt.c(134): error C2059: 语法错误:“[”
     1>mrscrt.c(231): fatal error C1004: 发现意外的文件尾
         mrround.c
         mrrand.c
         mrprime.c
         mrpower.c
         mrpi.c
         mrmuldv.c
     1>mrmuldv.c(12): error C4235: 使用了非标准扩展: 不支持在此结构上使用“_asm”关键字
     1>mrmuldv.c(12): error C2065: “mov”: 未声明的标识符
     1>mrmuldv.c(12): error C2146: 语法错误: 缺少“;”(在标识符“eax”的前面)
     1>mrmuldv.c(12): error C2065: “eax”: 未声明的标识符
     1>mrmuldv.c(12): error C2065: “DWORD”: 未声明的标识符
     1>mrmuldv.c(12): error C2146: 语法错误: 缺少“;”(在标识符“PTR”的前面)
     1>mrmuldv.c(12): error C2065: “PTR”: 未声明的标识符
     1>mrmuldv.c(12): error C2146: 语法错误: 缺少“;”(在标识符“a”的前面)
     1>mrmuldv.c(13): error C2143: 语法错误 : 缺少“;”(在“__asm”的前面)
     1>mrmuldv.c(13): error C4235: 使用了非标准扩展: 不支持在此结构上使用“_asm”关键字
     1>mrmuldv.c(13): error C2065: “mul”: 未声明的标识符
     1>mrmuldv.c(13): error C2146: 语法错误: 缺少“;”(在标识符“DWORD”的前面)
     1>mrmuldv.c(13): error C2065: “DWORD”: 未声明的标识符
     1>mrmuldv.c(13): error C2146: 语法错误: 缺少“;”(在标识符“PTR”的前面)
     1>mrmuldv.c(13): error C2065: “PTR”: 未声明的标识符
     1>mrmuldv.c(13): error C2146: 语法错误: 缺少“;”(在标识符“b”的前面)
     1>mrmuldv.c(14): error C2143: 语法错误 : 缺少“;”(在“__asm”的前面)
     1>mrmuldv.c(14): error C4235: 使用了非标准扩展: 不支持在此结构上使用“_asm”关键字
     1>mrmuldv.c(14): error C2065: “add”: 未声明的标识符
     1>mrmuldv.c(14): error C2146: 语法错误: 缺少“;”(在标识符“eax”的前面)
     1>mrmuldv.c(14): error C2065: “eax”: 未声明的标识符
     1>mrmuldv.c(14): error C2065: “DWORD”: 未声明的标识符
     1>mrmuldv.c(14): error C2146: 语法错误: 缺少“;”(在标识符“PTR”的前面)
     1>mrmuldv.c(14): error C2065: “PTR”: 未声明的标识符
     1>mrmuldv.c(14): error C2146: 语法错误: 缺少“;”(在标识符“c”的前面)
     1>mrmuldv.c(15): error C2143: 语法错误 : 缺少“;”(在“__asm”的前面)
     1>mrmuldv.c(15): error C4235: 使用了非标准扩展: 不支持在此结构上使用“_asm”关键字
     1>mrmuldv.c(15): error C2065: “adc”: 未声明的标识符
     1>mrmuldv.c(15): error C2146: 语法错误: 缺少“;”(在标识符“edx”的前面)
     1>mrmuldv.c(15): error C2065: “edx”: 未声明的标识符
     1>mrmuldv.c(15): error C2059: 语法错误:“数字上的错误后缀”
     1>mrmuldv.c(15): error C2146: 语法错误: 缺少“;”(在标识符“h”的前面)
     1>mrmuldv.c(16): error C2065: “h”: 未声明的标识符
     1>mrmuldv.c(16): error C2143: 语法错误 : 缺少“;”(在“__asm”的前面)
     1>mrmuldv.c(16): error C4235: 使用了非标准扩展: 不支持在此结构上使用“_asm”关键字
     1>mrmuldv.c(16): error C2065: “div”: 未声明的标识符
     1>mrmuldv.c(16): error C2146: 语法错误: 缺少“;”(在标识符“DWORD”的前面)
     1>mrmuldv.c(16): error C2065: “DWORD”: 未声明的标识符
     1>mrmuldv.c(16): error C2146: 语法错误: 缺少“;”(在标识符“PTR”的前面)
     1>mrmuldv.c(16): error C2065: “PTR”: 未声明的标识符
     1>mrmuldv.c(16): error C2146: 语法错误: 缺少“;”(在标识符“m”的前面)
     1>mrmuldv.c(17): error C2143: 语法错误 : 缺少“;”(在“__asm”的前面)
     1>mrmuldv.c(17): error C4235: 使用了非标准扩展: 不支持在此结构上使用“_asm”关键字
     1>mrmuldv.c(17): error C2065: “mov”: 未声明的标识符
     1>mrmuldv.c(17): error C2146: 语法错误: 缺少“;”(在标识符“ebx”的前面)
     1>mrmuldv.c(17): error C2065: “ebx”: 未声明的标识符
     1>mrmuldv.c(17): error C2065: “DWORD”: 未声明的标识符
     1>mrmuldv.c(17): error C2146: 语法错误: 缺少“;”(在标识符“PTR”的前面)
     1>mrmuldv.c(17): error C2065: “PTR”: 未声明的标识符
     1>mrmuldv.c(17): error C2146: 语法错误: 缺少“;”(在标识符“rp”的前面)
     1>mrmuldv.c(18): error C2143: 语法错误 : 缺少“;”(在“__asm”的前面)
     1>mrmuldv.c(18): error C4235: 使用了非标准扩展: 不支持在此结构上使用“_asm”关键字
     1>mrmuldv.c(18): error C2065: “mov”: 未声明的标识符
     1>mrmuldv.c(18): error C2065: “ebx”: 未声明的标识符
     1>mrmuldv.c(18): error C2109: 下标要求数组或指针类型
     1>mrmuldv.c(19): error C2065: “edx”: 未声明的标识符
     1>mrmuldv.c(19): error C2143: 语法错误 : 缺少“;”(在“}”的前面)
     1>mrmuldv.c(24): error C4235: 使用了非标准扩展: 不支持在此结构上使用“_asm”关键字
     1>mrmuldv.c(24): error C2065: “mov”: 未声明的标识符
     1>mrmuldv.c(24): error C2146: 语法错误: 缺少“;”(在标识符“edx”的前面)
     1>mrmuldv.c(24): error C2065: “edx”: 未声明的标识符
     1>mrmuldv.c(24): error C2065: “DWORD”: 未声明的标识符
     1>mrmuldv.c(24): error C2146: 语法错误: 缺少“;”(在标识符“PTR”的前面)
     1>mrmuldv.c(24): error C2065: “PTR”: 未声明的标识符
     1>mrmuldv.c(24): error C2146: 语法错误: 缺少“;”(在标识符“a”的前面)
     1>mrmuldv.c(25): error C2143: 语法错误 : 缺少“;”(在“__asm”的前面)
     1>mrmuldv.c(25): error C4235: 使用了非标准扩展: 不支持在此结构上使用“_asm”关键字
     1>mrmuldv.c(25): error C2065: “mov”: 未声明的标识符
     1>mrmuldv.c(25): error C2146: 语法错误: 缺少“;”(在标识符“eax”的前面)
     1>mrmuldv.c(25): error C2065: “eax”: 未声明的标识符
     1>mrmuldv.c(25): error C2065: “DWORD”: 未声明的标识符
     1>mrmuldv.c(25): error C2146: 语法错误: 缺少“;”(在标识符“PTR”的前面)
     1>mrmuldv.c(25): error C2065: “PTR”: 未声明的标识符
     1>mrmuldv.c(25): error C2146: 语法错误: 缺少“;”(在标识符“c”的前面)
     1>mrmuldv.c(26): error C2143: 语法错误 : 缺少“;”(在“__asm”的前面)
     1>mrmuldv.c(26): error C4235: 使用了非标准扩展: 不支持在此结构上使用“_asm”关键字
     1>mrmuldv.c(26): error C2065: “div”: 未声明的标识符
     1>mrmuldv.c(26): error C2146: 语法错误: 缺少“;”(在标识符“DWORD”的前面)
     1>mrmuldv.c(26): error C2065: “DWORD”: 未声明的标识符
     1>mrmuldv.c(26): error C2146: 语法错误: 缺少“;”(在标识符“PTR”的前面)
     1>mrmuldv.c(26): error C2065: “PTR”: 未声明的标识符
     1>mrmuldv.c(26): error C2146: 语法错误: 缺少“;”(在标识符“m”的前面)
     1>mrmuldv.c(27): error C2143: 语法错误 : 缺少“;”(在“__asm”的前面)
     1>mrmuldv.c(27): error C4235: 使用了非标准扩展: 不支持在此结构上使用“_asm”关键字
     1>mrmuldv.c(27): error C2065: “mov”: 未声明的标识符
     1>mrmuldv.c(27): error C2146: 语法错误: 缺少“;”(在标识符“ebx”的前面)
     1>mrmuldv.c(27): error C2065: “ebx”: 未声明的标识符
     1>mrmuldv.c(27): error C2065: “DWORD”: 未声明的标识符
     1>mrmuldv.c(27): error C2146: 语法错误: 缺少“;”(在标识符“PTR”的前面)
     1>mrmuldv.c(27): error C2065: “PTR”: 未声明的标识符
     1>mrmuldv.c(27): error C2146: 语法错误: 缺少“;”(在标识符“rp”的前面)
     1>mrmuldv.c(28): error C2143: 语法错误 : 缺少“;”(在“__asm”的前面)
     1>mrmuldv.c(28): error C4235: 使用了非标准扩展: 不支持在此结构上使用“_asm”关键字
     1>mrmuldv.c(28): error C2065: “mov”: 未声明的标识符
     1>mrmuldv.c(28): error C2065: “ebx”: 未声明的标识符
     1>mrmuldv.c(28): error C2109: 下标要求数组或指针类型
     1>mrmuldv.c(29): error C2065: “edx”: 未声明的标识符
     1>mrmuldv.c(29): error C2143: 语法错误 : 缺少“;”(在“}”的前面)
     1>mrmuldv.c(34): error C4235: 使用了非标准扩展: 不支持在此结构上使用“_asm”关键字
     1>mrmuldv.c(34): error C2065: “mov”: 未声明的标识符
     1>mrmuldv.c(34): error C2146: 语法错误: 缺少“;”(在标识符“eax”的前面)
     1>mrmuldv.c(34): error C2065: “eax”: 未声明的标识符
     1>mrmuldv.c(34): error C2065: “DWORD”: 未声明的标识符
     1>mrmuldv.c(34): error C2146: 语法错误: 缺少“;”(在标识符“PTR”的前面)
     1>mrmuldv.c(34): error C2065: “PTR”: 未声明的标识符
     1>mrmuldv.c(34): error C2146: 语法错误: 缺少“;”(在标识符“a”的前面)
     1>mrmuldv.c(35): error C2143: 语法错误 : 缺少“;”(在“__asm”的前面)
     1>mrmuldv.c(35): error C4235: 使用了非标准扩展: 不支持在此结构上使用“_asm”关键字
     1>mrmuldv.c(35): error C2065: “mul”: 未声明的标识符
     1>mrmuldv.c(35): error C2146: 语法错误: 缺少“;”(在标识符“DWORD”的前面)
     1>mrmuldv.c(35): error C2065: “DWORD”: 未声明的标识符
     1>mrmuldv.c(35): error C2146: 语法错误: 缺少“;”(在标识符“PTR”的前面)
     1>mrmuldv.c(35): error C2065: “PTR”: 未声明的标识符
     1>mrmuldv.c(35): error C2146: 语法错误: 缺少“;”(在标识符“b”的前面)
     1>mrmuldv.c(35): fatal error C1003: 错误计数超过 100；正在停止编译
         mrmonty.c
     1>mrmonty.c(436): error C4235: 使用了非标准扩展: 不支持在此结构上使用“_asm”关键字
     1>mrmonty.c(436): error C2065: “mov”: 未声明的标识符
     1>mrmonty.c(436): error C2146: 语法错误: 缺少“;”(在标识符“ecx”的前面)
     1>mrmonty.c(436): error C2065: “ecx”: 未声明的标识符
     1>mrmonty.c(437): error C2143: 语法错误 : 缺少“;”(在“__asm”的前面)
     1>mrmonty.c(437): error C4235: 使用了非标准扩展: 不支持在此结构上使用“_asm”关键字
     1>mrmonty.c(437): error C2065: “mov”: 未声明的标识符
     1>mrmonty.c(437): error C2146: 语法错误: 缺少“;”(在标识符“esi”的前面)
     1>mrmonty.c(437): error C2065: “esi”: 未声明的标识符
     1>mrmonty.c(438): error C2143: 语法错误 : 缺少“;”(在“__asm”的前面)
     1>mrmonty.c(438): error C4235: 使用了非标准扩展: 不支持在此结构上使用“_asm”关键字
     1>mrmonty.c(438): error C2065: “shl”: 未声明的标识符
     1>mrmonty.c(438): error C2146: 语法错误: 缺少“;”(在标识符“esi”的前面)
     1>mrmonty.c(438): error C2065: “esi”: 未声明的标识符
     1>mrmonty.c(439): error C2143: 语法错误 : 缺少“;”(在“__asm”的前面)
     1>mrmonty.c(439): error C4235: 使用了非标准扩展: 不支持在此结构上使用“_asm”关键字
     1>mrmonty.c(439): error C2065: “mov”: 未声明的标识符
     1>mrmonty.c(439): error C2146: 语法错误: 缺少“;”(在标识符“ebx”的前面)
     1>mrmonty.c(439): error C2065: “ebx”: 未声明的标识符
     1>mrmonty.c(440): error C2143: 语法错误 : 缺少“;”(在“__asm”的前面)
     1>mrmonty.c(440): error C4235: 使用了非标准扩展: 不支持在此结构上使用“_asm”关键字
     1>mrmonty.c(440): error C2146: 语法错误: 缺少“;”(在标识符“ebx”的前面)
     1>mrmonty.c(440): warning C4550: 表达式计算为缺少参数列表的函数
     1>mrmonty.c(440): error C2065: “ebx”: 未声明的标识符
     1>mrmonty.c(441): error C2065: “esi”: 未声明的标识符
     1>mrmonty.c(441): error C2143: 语法错误 : 缺少“;”(在“__asm”的前面)
     1>mrmonty.c(441): error C4235: 使用了非标准扩展: 不支持在此结构上使用“_asm”关键字
     1>mrmonty.c(441): error C2065: “mov”: 未声明的标识符
     1>mrmonty.c(441): error C2146: 语法错误: 缺少“;”(在标识符“eax”的前面)
     1>mrmonty.c(441): error C2065: “eax”: 未声明的标识符
     1>mrmonty.c(441): error C2059: 语法错误:“[”
     1>mrmonty.c(543): warning C4552: “<”: 运算符不起任何作用；应输入带副作用的运算符
     1>mrmonty.c(543): error C2143: 语法错误 : 缺少“;”(在“)”的前面)
     1>mrmonty.c(595): error C2143: 语法错误 : 缺少“;”(在“类型”的前面)
     1>mrmonty.c(620): error C2065: “a”: 未声明的标识符
     1>mrmonty.c(620): warning C4047: “函数”:“big”与“int”的间接级别不同
     1>mrmonty.c(620): warning C4024: “mr_padd”: 形参和实参 1 的类型不同
     1>mrmonty.c(620): error C2065: “b”: 未声明的标识符
     1>mrmonty.c(620): warning C4047: “函数”:“big”与“int”的间接级别不同
     1>mrmonty.c(620): warning C4024: “mr_padd”: 形参和实参 2 的类型不同
     1>mrmonty.c(621): error C2065: “a”: 未声明的标识符
     1>mrmonty.c(621): warning C4047: “函数”:“big”与“int”的间接级别不同
     1>mrmonty.c(621): warning C4024: “mr_padd”: 形参和实参 1 的类型不同
     1>mrmonty.c(622): error C2065: “b”: 未声明的标识符
     1>mrmonty.c(622): warning C4047: “函数”:“big”与“int”的间接级别不同
     1>mrmonty.c(622): warning C4024: “mr_psub”: 形参和实参 2 的类型不同
     1>mrmonty.c(623): error C2065: “a”: 未声明的标识符
     1>mrmonty.c(623): warning C4047: “函数”:“big”与“int”的间接级别不同
     1>mrmonty.c(623): warning C4024: “mr_padd”: 形参和实参 1 的类型不同
     1>mrmonty.c(623): error C2065: “a”: 未声明的标识符
     1>mrmonty.c(623): warning C4047: “函数”:“big”与“int”的间接级别不同
     1>mrmonty.c(623): warning C4024: “mr_padd”: 形参和实参 2 的类型不同
     1>mrmonty.c(623): error C2065: “r”: 未声明的标识符
     1>mrmonty.c(623): warning C4047: “函数”:“big”与“int”的间接级别不同
     1>mrmonty.c(623): warning C4024: “mr_padd”: 形参和实参 3 的类型不同
     1>mrmonty.c(627): error C2065: “r”: 未声明的标识符
     1>mrmonty.c(627): warning C4047: “函数”:“big”与“int”的间接级别不同
     1>mrmonty.c(627): warning C4024: “nres_modmult”: 形参和实参 1 的类型不同
     1>mrmonty.c(627): error C2065: “b”: 未声明的标识符
     1>mrmonty.c(627): warning C4047: “函数”:“big”与“int”的间接级别不同
     1>mrmonty.c(627): warning C4024: “nres_modmult”: 形参和实参 2 的类型不同
     1>mrmonty.c(627): warning C4047: “函数”:“big”与“int”的间接级别不同
     1>mrmonty.c(627): warning C4024: “nres_modmult”: 形参和实参 3 的类型不同
     1>mrmonty.c(628): error C2065: “r”: 未声明的标识符
     1>mrmonty.c(628): warning C4047: “函数”:“big”与“int”的间接级别不同
     1>mrmonty.c(628): warning C4024: “nres_modmult”: 形参和实参 3 的类型不同
     1>mrmonty.c(632): error C2065: “a”: 未声明的标识符
     1>mrmonty.c(632): warning C4047: “函数”:“big”与“int”的间接级别不同
     1>mrmonty.c(632): warning C4024: “nres_modadd”: 形参和实参 1 的类型不同
     1>mrmonty.c(632): error C2065: “b”: 未声明的标识符
     1>mrmonty.c(632): warning C4047: “函数”:“big”与“int”的间接级别不同
     1>mrmonty.c(632): warning C4024: “nres_modadd”: 形参和实参 2 的类型不同
     1>mrmonty.c(633): error C2065: “a”: 未声明的标识符
     1>mrmonty.c(633): warning C4047: “函数”:“big”与“int”的间接级别不同
     1>mrmonty.c(633): warning C4024: “nres_modsub”: 形参和实参 1 的类型不同
     1>mrmonty.c(633): error C2065: “b”: 未声明的标识符
     1>mrmonty.c(633): warning C4047: “函数”:“big”与“int”的间接级别不同
     1>mrmonty.c(633): warning C4024: “nres_modsub”: 形参和实参 2 的类型不同
     1>mrmonty.c(636): error C2065: “b”: 未声明的标识符
     1>mrmonty.c(636): warning C4047: “函数”:“big”与“int”的间接级别不同
     1>mrmonty.c(636): warning C4024: “nres_modsub”: 形参和实参 2 的类型不同
     1>mrmonty.c(638): error C2065: “a”: 未声明的标识符
     1>mrmonty.c(638): warning C4047: “函数”:“big”与“int”的间接级别不同
     1>mrmonty.c(638): warning C4024: “nres_modmult”: 形参和实参 1 的类型不同
     1>mrmonty.c(638): error C2065: “b”: 未声明的标识符
     1>mrmonty.c(638): warning C4047: “函数”:“big”与“int”的间接级别不同
     1>mrmonty.c(638): warning C4024: “nres_modmult”: 形参和实参 2 的类型不同
     1>mrmonty.c(638): warning C4047: “函数”:“big”与“int”的间接级别不同
     1>mrmonty.c(638): warning C4024: “nres_modmult”: 形参和实参 3 的类型不同
     1>mrmonty.c(639): error C2065: “r”: 未声明的标识符
     1>mrmonty.c(639): warning C4047: “函数”:“big”与“int”的间接级别不同
     1>mrmonty.c(639): warning C4024: “nres_modmult”: 形参和实参 3 的类型不同
     1>mrmonty.c(642): error C2065: “r”: 未声明的标识符
     1>mrmonty.c(642): warning C4047: “函数”:“big”与“int”的间接级别不同
     1>mrmonty.c(642): warning C4024: “nres_modadd”: 形参和实参 1 的类型不同
     1>mrmonty.c(642): warning C4047: “函数”:“big”与“int”的间接级别不同
     1>mrmonty.c(642): warning C4024: “nres_modadd”: 形参和实参 2 的类型不同
     1>mrmonty.c(642): error C2065: “r”: 未声明的标识符
     1>mrmonty.c(642): warning C4047: “函数”:“big”与“int”的间接级别不同
     1>mrmonty.c(642): warning C4024: “nres_modadd”: 形参和实参 3 的类型不同
     1>mrmonty.c(644): warning C4047: “函数”:“big”与“int”的间接级别不同
     1>mrmonty.c(644): warning C4024: “nres_modadd”: 形参和实参 1 的类型不同
     1>mrmonty.c(644): warning C4047: “函数”:“big”与“int”的间接级别不同
     1>mrmonty.c(644): warning C4024: “nres_modadd”: 形参和实参 2 的类型不同
     1>mrmonty.c(644): warning C4047: “函数”:“big”与“int”的间接级别不同
     1>mrmonty.c(644): warning C4024: “nres_modadd”: 形参和实参 3 的类型不同
         mrlucas.c
         mrjack.c
         Generating Code...
         Compiling...
         mrio2.c
         mrio1.c
         mrgf2m.c
     1>mrgf2m.c(350): warning C4101: “k”: 未引用的局部变量
     1>mrgf2m.c(612): warning C4101: “r”: 未引用的局部变量
     1>mrgf2m.c(612): warning C4101: “t”: 未引用的局部变量
     1>mrgf2m.c(611): warning C4101: “j”: 未引用的局部变量
         mrgcm.c
         mrgcd.c
         mrfrnd.c
         mrflsh4.c
         mrflsh3.c
         mrflsh2.c
         mrflsh1.c
         mrflash.c
         mrfast.c
     1>mrfast.c(224): error C4235: 使用了非标准扩展: 不支持在此结构上使用“_asm”关键字
     1>mrfast.c(224): error C2065: “mov”: 未声明的标识符
     1>mrfast.c(224): error C2146: 语法错误: 缺少“;”(在标识符“ecx”的前面)
     1>mrfast.c(224): error C2065: “ecx”: 未声明的标识符
     1>mrfast.c(224): error C2065: “DWORD”: 未声明的标识符
     1>mrfast.c(224): error C2146: 语法错误: 缺少“;”(在标识符“PTR”的前面)
     1>mrfast.c(224): error C2065: “PTR”: 未声明的标识符
     1>mrfast.c(224): error C2146: 语法错误: 缺少“;”(在标识符“prime”的前面)
     1>mrfast.c(225): error C2143: 语法错误 : 缺少“;”(在“__asm”的前面)
     1>mrfast.c(225): error C4235: 使用了非标准扩展: 不支持在此结构上使用“_asm”关键字
     1>mrfast.c(225): error C2065: “mov”: 未声明的标识符
     1>mrfast.c(225): error C2146: 语法错误: 缺少“;”(在标识符“ebx”的前面)
     1>mrfast.c(225): error C2065: “ebx”: 未声明的标识符
     1>mrfast.c(225): error C2065: “DWORD”: 未声明的标识符
     1>mrfast.c(225): error C2146: 语法错误: 缺少“;”(在标识符“PTR”的前面)
     1>mrfast.c(225): error C2065: “PTR”: 未声明的标识符
     1>mrfast.c(225): error C2146: 语法错误: 缺少“;”(在标识符“data”的前面)
     1>mrfast.c(226): error C2143: 语法错误 : 缺少“;”(在“__asm”的前面)
     1>mrfast.c(226): error C4235: 使用了非标准扩展: 不支持在此结构上使用“_asm”关键字
     1>mrfast.c(226): error C2065: “mov”: 未声明的标识符
     1>mrfast.c(226): error C2146: 语法错误: 缺少“;”(在标识符“esi”的前面)
     1>mrfast.c(226): error C2065: “esi”: 未声明的标识符
     1>mrfast.c(226): error C2065: “DWORD”: 未声明的标识符
     1>mrfast.c(226): error C2146: 语法错误: 缺少“;”(在标识符“PTR”的前面)
     1>mrfast.c(226): error C2065: “PTR”: 未声明的标识符
     1>mrfast.c(226): error C2146: 语法错误: 缺少“;”(在标识符“m”的前面)
     1>mrfast.c(227): error C2146: 语法错误: 缺少“;”(在标识符“hop1”的前面)
     1>mrfast.c(228): error C4235: 使用了非标准扩展: 不支持在此结构上使用“_asm”关键字
     1>mrfast.c(228): error C2065: “cmp”: 未声明的标识符
     1>mrfast.c(228): error C2146: 语法错误: 缺少“;”(在标识符“esi”的前面)
     1>mrfast.c(228): error C2065: “esi”: 未声明的标识符
     1>mrfast.c(228): error C2065: “DWORD”: 未声明的标识符
     1>mrfast.c(228): error C2146: 语法错误: 缺少“;”(在标识符“PTR”的前面)
     1>mrfast.c(228): error C2065: “PTR”: 未声明的标识符
     1>mrfast.c(228): error C2146: 语法错误: 缺少“;”(在标识符“newn”的前面)
     1>mrfast.c(229): error C2143: 语法错误 : 缺少“;”(在“__asm”的前面)
     1>mrfast.c(229): error C4235: 使用了非标准扩展: 不支持在此结构上使用“_asm”关键字
     1>mrfast.c(229): error C2065: “jge”: 未声明的标识符
     1>mrfast.c(229): error C2146: 语法错误: 缺少“;”(在标识符“hop0”的前面)
     1>mrfast.c(230): error C2065: “hop0”: 未声明的标识符
     1>mrfast.c(230): error C2143: 语法错误 : 缺少“;”(在“__asm”的前面)
     1>mrfast.c(230): error C4235: 使用了非标准扩展: 不支持在此结构上使用“_asm”关键字
     1>mrfast.c(230): error C2065: “mov”: 未声明的标识符
     1>mrfast.c(230): error C2146: 语法错误: 缺少“;”(在标识符“edi”的前面)
     1>mrfast.c(230): error C2065: “edi”: 未声明的标识符
     1>mrfast.c(231): error C2065: “esi”: 未声明的标识符
     1>mrfast.c(231): error C2143: 语法错误 : 缺少“;”(在“__asm”的前面)
     1>mrfast.c(231): error C4235: 使用了非标准扩展: 不支持在此结构上使用“_asm”关键字
     1>mrfast.c(231): error C2146: 语法错误: 缺少“;”(在标识符“edi”的前面)
     1>mrfast.c(231): warning C4550: 表达式计算为缺少参数列表的函数
     1>mrfast.c(231): error C2065: “edi”: 未声明的标识符
     1>mrfast.c(231): error C2065: “DWORD”: 未声明的标识符
     1>mrfast.c(231): error C2146: 语法错误: 缺少“;”(在标识符“PTR”的前面)
     1>mrfast.c(231): error C2065: “PTR”: 未声明的标识符
     1>mrfast.c(231): error C2146: 语法错误: 缺少“;”(在标识符“mmax”的前面)
     1>mrfast.c(233): error C2143: 语法错误 : 缺少“;”(在“__asm”的前面)
     1>mrfast.c(233): error C4235: 使用了非标准扩展: 不支持在此结构上使用“_asm”关键字
     1>mrfast.c(233): error C2065: “mov”: 未声明的标识符
     1>mrfast.c(233): error C2146: 语法错误: 缺少“;”(在标识符“edx”的前面)
     1>mrfast.c(233): error C2065: “edx”: 未声明的标识符
     1>mrfast.c(233): error C2059: 语法错误:“[”
     1>mrfast.c(322): error C2143: 语法错误 : 缺少“;”(在“类型”的前面)
     1>mrfast.c(371): error C4235: 使用了非标准扩展: 不支持在此结构上使用“_asm”关键字
     1>mrfast.c(371): error C2065: “mov”: 未声明的标识符
     1>mrfast.c(371): error C2146: 语法错误: 缺少“;”(在标识符“ebx”的前面)
     1>mrfast.c(371): error C2065: “ebx”: 未声明的标识符
     1>mrfast.c(371): error C2065: “DWORD”: 未声明的标识符
     1>mrfast.c(371): error C2146: 语法错误: 缺少“;”(在标识符“PTR”的前面)
     1>mrfast.c(371): error C2065: “PTR”: 未声明的标识符
     1>mrfast.c(371): error C2146: 语法错误: 缺少“;”(在标识符“data”的前面)
     1>mrfast.c(372): error C2143: 语法错误 : 缺少“;”(在“__asm”的前面)
     1>mrfast.c(372): error C4235: 使用了非标准扩展: 不支持在此结构上使用“_asm”关键字
     1>mrfast.c(372): error C2065: “mov”: 未声明的标识符
     1>mrfast.c(372): error C2146: 语法错误: 缺少“;”(在标识符“ecx”的前面)
     1>mrfast.c(372): error C2065: “ecx”: 未声明的标识符
     1>mrfast.c(372): error C2065: “DWORD”: 未声明的标识符
     1>mrfast.c(372): error C2146: 语法错误: 缺少“;”(在标识符“PTR”的前面)
     1>mrfast.c(372): error C2065: “PTR”: 未声明的标识符
     1>mrfast.c(372): error C2146: 语法错误: 缺少“;”(在标识符“prime”的前面)
     1>mrfast.c(373): error C2143: 语法错误 : 缺少“;”(在“__asm”的前面)
     1>mrfast.c(373): error C4235: 使用了非标准扩展: 不支持在此结构上使用“_asm”关键字
     1>mrfast.c(373): error C2065: “mov”: 未声明的标识符
     1>mrfast.c(373): error C2146: 语法错误: 缺少“;”(在标识符“esi”的前面)
     1>mrfast.c(373): error C2065: “esi”: 未声明的标识符
     1>mrfast.c(373): error C2065: “DWORD”: 未声明的标识符
     1>mrfast.c(373): error C2146: 语法错误: 缺少“;”(在标识符“PTR”的前面)
     1>mrfast.c(373): error C2065: “PTR”: 未声明的标识符
     1>mrfast.c(373): error C2146: 语法错误: 缺少“;”(在标识符“m”的前面)
     1>mrfast.c(374): error C2146: 语法错误: 缺少“;”(在标识符“hop4”的前面)
     1>mrfast.c(375): error C4235: 使用了非标准扩展: 不支持在此结构上使用“_asm”关键字
     1>mrfast.c(375): error C2065: “cmp”: 未声明的标识符
     1>mrfast.c(375): error C2146: 语法错误: 缺少“;”(在标识符“esi”的前面)
     1>mrfast.c(375): error C2065: “esi”: 未声明的标识符
     1>mrfast.c(375): error C2065: “DWORD”: 未声明的标识符
     1>mrfast.c(375): error C2146: 语法错误: 缺少“;”(在标识符“PTR”的前面)
     1>mrfast.c(375): error C2065: “PTR”: 未声明的标识符
     1>mrfast.c(375): error C2146: 语法错误: 缺少“;”(在标识符“newn”的前面)
     1>mrfast.c(376): error C2143: 语法错误 : 缺少“;”(在“__asm”的前面)
     1>mrfast.c(376): error C4235: 使用了非标准扩展: 不支持在此结构上使用“_asm”关键字
     1>mrfast.c(376): error C2065: “jge”: 未声明的标识符
     1>mrfast.c(376): error C2146: 语法错误: 缺少“;”(在标识符“hop5”的前面)
     1>mrfast.c(377): error C2065: “hop5”: 未声明的标识符
     1>mrfast.c(377): error C2143: 语法错误 : 缺少“;”(在“__asm”的前面)
     1>mrfast.c(377): error C4235: 使用了非标准扩展: 不支持在此结构上使用“_asm”关键字
     1>mrfast.c(377): error C2065: “mov”: 未声明的标识符
     1>mrfast.c(377): error C2146: 语法错误: 缺少“;”(在标识符“edi”的前面)
     1>mrfast.c(377): error C2065: “edi”: 未声明的标识符
     1>mrfast.c(378): error C2065: “esi”: 未声明的标识符
     1>mrfast.c(378): error C2143: 语法错误 : 缺少“;”(在“__asm”的前面)
     1>mrfast.c(378): error C4235: 使用了非标准扩展: 不支持在此结构上使用“_asm”关键字
     1>mrfast.c(378): error C2146: 语法错误: 缺少“;”(在标识符“edi”的前面)
     1>mrfast.c(378): warning C4550: 表达式计算为缺少参数列表的函数
     1>mrfast.c(378): error C2065: “edi”: 未声明的标识符
     1>mrfast.c(378): error C2065: “DWORD”: 未声明的标识符
     1>mrfast.c(378): error C2146: 语法错误: 缺少“;”(在标识符“PTR”的前面)
     1>mrfast.c(378): error C2065: “PTR”: 未声明的标识符
     1>mrfast.c(378): error C2146: 语法错误: 缺少“;”(在标识符“mmax”的前面)
     1>mrfast.c(378): fatal error C1003: 错误计数超过 100；正在停止编译
         mrecn2.c
         mrec2m.c
         mrebrick.c
         mrdouble.c
         mrcurve.c
         mrcrt.c
         mrcore.c
         mrbuild.c
         Generating Code...
         Compiling...
         mrbrick.c
         mrbits.c
         mrarth3.c
         mrarth2.c
     1>mrarth2.c(231): error C4235: 使用了非标准扩展: 不支持在此结构上使用“_asm”关键字
     1>mrarth2.c(231): error C2065: “mov”: 未声明的标识符
     1>mrarth2.c(231): error C2146: 语法错误: 缺少“;”(在标识符“esi”的前面)
     1>mrarth2.c(231): error C2065: “esi”: 未声明的标识符
     1>mrarth2.c(232): error C2143: 语法错误 : 缺少“;”(在“__asm”的前面)
     1>mrarth2.c(232): error C4235: 使用了非标准扩展: 不支持在此结构上使用“_asm”关键字
     1>mrarth2.c(232): error C2065: “mov”: 未声明的标识符
     1>mrarth2.c(232): error C2146: 语法错误: 缺少“;”(在标识符“ecx”的前面)
     1>mrarth2.c(232): error C2065: “ecx”: 未声明的标识符
     1>mrarth2.c(233): error C2143: 语法错误 : 缺少“;”(在“__asm”的前面)
     1>mrarth2.c(233): error C4235: 使用了非标准扩展: 不支持在此结构上使用“_asm”关键字
     1>mrarth2.c(233): error C2065: “sub”: 未声明的标识符
     1>mrarth2.c(233): error C2146: 语法错误: 缺少“;”(在标识符“ecx”的前面)
     1>mrarth2.c(233): error C2065: “ecx”: 未声明的标识符
     1>mrarth2.c(234): error C2065: “esi”: 未声明的标识符
     1>mrarth2.c(234): error C2143: 语法错误 : 缺少“;”(在“__asm”的前面)
     1>mrarth2.c(234): error C4235: 使用了非标准扩展: 不支持在此结构上使用“_asm”关键字
     1>mrarth2.c(234): error C2065: “dec”: 未声明的标识符
     1>mrarth2.c(234): error C2146: 语法错误: 缺少“;”(在标识符“ecx”的前面)
     1>mrarth2.c(235): error C2065: “ecx”: 未声明的标识符
     1>mrarth2.c(235): error C2143: 语法错误 : 缺少“;”(在“__asm”的前面)
     1>mrarth2.c(235): error C4235: 使用了非标准扩展: 不支持在此结构上使用“_asm”关键字
     1>mrarth2.c(235): error C2065: “shl”: 未声明的标识符
     1>mrarth2.c(235): error C2146: 语法错误: 缺少“;”(在标识符“esi”的前面)
     1>mrarth2.c(235): error C2065: “esi”: 未声明的标识符
     1>mrarth2.c(236): error C2143: 语法错误 : 缺少“;”(在“__asm”的前面)
     1>mrarth2.c(236): error C4235: 使用了非标准扩展: 不支持在此结构上使用“_asm”关键字
     1>mrarth2.c(236): error C2065: “mov”: 未声明的标识符
     1>mrarth2.c(236): error C2146: 语法错误: 缺少“;”(在标识符“edx”的前面)
     1>mrarth2.c(236): error C2065: “edx”: 未声明的标识符
     1>mrarth2.c(237): error C2143: 语法错误 : 缺少“;”(在“__asm”的前面)
     1>mrarth2.c(237): error C4235: 使用了非标准扩展: 不支持在此结构上使用“_asm”关键字
     1>mrarth2.c(237): error C2065: “mov”: 未声明的标识符
     1>mrarth2.c(237): error C2146: 语法错误: 缺少“;”(在标识符“ebx”的前面)
     1>mrarth2.c(237): error C2065: “ebx”: 未声明的标识符
     1>mrarth2.c(238): error C2065: “edx”: 未声明的标识符
     1>mrarth2.c(238): error C2143: 语法错误 : 缺少“;”(在“__asm”的前面)
     1>mrarth2.c(238): error C4235: 使用了非标准扩展: 不支持在此结构上使用“_asm”关键字
     1>mrarth2.c(238): error C2146: 语法错误: 缺少“;”(在标识符“ebx”的前面)
     1>mrarth2.c(238): warning C4550: 表达式计算为缺少参数列表的函数
     1>mrarth2.c(238): error C2065: “ebx”: 未声明的标识符
     1>mrarth2.c(239): error C2065: “esi”: 未声明的标识符
     1>mrarth2.c(239): error C2143: 语法错误 : 缺少“;”(在“__asm”的前面)
     1>mrarth2.c(239): error C4235: 使用了非标准扩展: 不支持在此结构上使用“_asm”关键字
     1>mrarth2.c(239): error C2065: “mov”: 未声明的标识符
     1>mrarth2.c(239): error C2146: 语法错误: 缺少“;”(在标识符“edi”的前面)
     1>mrarth2.c(239): error C2065: “edi”: 未声明的标识符
     1>mrarth2.c(239): error C2059: 语法错误:“[”
     1>mrarth2.c(530): warning C4552: “<”: 运算符不起任何作用；应输入带副作用的运算符
     1>mrarth2.c(530): error C2143: 语法错误 : 缺少“;”(在“)”的前面)
     1>mrarth2.c(723): warning C4552: “<”: 运算符不起任何作用；应输入带副作用的运算符
     1>mrarth2.c(723): error C2143: 语法错误 : 缺少“;”(在“)”的前面)
     1>mrarth2.c(1048): error C4235: 使用了非标准扩展: 不支持在此结构上使用“_asm”关键字
     1>mrarth2.c(1048): error C2065: “push”: 未声明的标识符
     1>mrarth2.c(1048): error C2146: 语法错误: 缺少“;”(在标识符“esi”的前面)
     1>mrarth2.c(1049): error C2065: “esi”: 未声明的标识符
     1>mrarth2.c(1049): error C2143: 语法错误 : 缺少“;”(在“__asm”的前面)
     1>mrarth2.c(1049): error C4235: 使用了非标准扩展: 不支持在此结构上使用“_asm”关键字
     1>mrarth2.c(1049): error C2065: “push”: 未声明的标识符
     1>mrarth2.c(1049): error C2146: 语法错误: 缺少“;”(在标识符“edi”的前面)
     1>mrarth2.c(1050): error C2065: “edi”: 未声明的标识符
     1>mrarth2.c(1050): error C2143: 语法错误 : 缺少“;”(在“__asm”的前面)
     1>mrarth2.c(1050): error C4235: 使用了非标准扩展: 不支持在此结构上使用“_asm”关键字
     1>mrarth2.c(1050): error C2065: “mov”: 未声明的标识符
     1>mrarth2.c(1050): error C2146: 语法错误: 缺少“;”(在标识符“ebx”的前面)
     1>mrarth2.c(1050): error C2065: “ebx”: 未声明的标识符
     1>mrarth2.c(1051): error C2143: 语法错误 : 缺少“;”(在“__asm”的前面)
     1>mrarth2.c(1051): error C4235: 使用了非标准扩展: 不支持在此结构上使用“_asm”关键字
     1>mrarth2.c(1051): error C2065: “mov”: 未声明的标识符
     1>mrarth2.c(1051): error C2146: 语法错误: 缺少“;”(在标识符“esi”的前面)
     1>mrarth2.c(1051): error C2065: “esi”: 未声明的标识符
     1>mrarth2.c(1052): error C2143: 语法错误 : 缺少“;”(在“__asm”的前面)
     1>mrarth2.c(1052): error C4235: 使用了非标准扩展: 不支持在此结构上使用“_asm”关键字
     1>mrarth2.c(1052): error C2065: “shl”: 未声明的标识符
     1>mrarth2.c(1052): error C2146: 语法错误: 缺少“;”(在标识符“esi”的前面)
     1>mrarth2.c(1052): error C2065: “esi”: 未声明的标识符
     1>mrarth2.c(1053): error C2143: 语法错误 : 缺少“;”(在“__asm”的前面)
     1>mrarth2.c(1053): error C4235: 使用了非标准扩展: 不支持在此结构上使用“_asm”关键字
     1>mrarth2.c(1053): error C2146: 语法错误: 缺少“;”(在标识符“ebx”的前面)
     1>mrarth2.c(1053): warning C4550: 表达式计算为缺少参数列表的函数
     1>mrarth2.c(1053): error C2065: “ebx”: 未声明的标识符
     1>mrarth2.c(1054): error C2065: “esi”: 未声明的标识符
     1>mrarth2.c(1054): error C2143: 语法错误 : 缺少“;”(在“__asm”的前面)
     1>mrarth2.c(1054): error C4235: 使用了非标准扩展: 不支持在此结构上使用“_asm”关键字
     1>mrarth2.c(1054): error C2065: “mov”: 未声明的标识符
     1>mrarth2.c(1054): error C2146: 语法错误: 缺少“;”(在标识符“edx”的前面)
     1>mrarth2.c(1054): error C2065: “edx”: 未声明的标识符
     1>mrarth2.c(1054): error C2059: 语法错误:“[”
     1>mrarth2.c(1261): error C4235: 使用了非标准扩展: 不支持在此结构上使用“_asm”关键字
     1>mrarth2.c(1261): error C2065: “push”: 未声明的标识符
     1>mrarth2.c(1261): error C2146: 语法错误: 缺少“;”(在标识符“esi”的前面)
     1>mrarth2.c(1262): error C2065: “esi”: 未声明的标识符
     1>mrarth2.c(1262): error C2143: 语法错误 : 缺少“;”(在“__asm”的前面)
     1>mrarth2.c(1262): error C4235: 使用了非标准扩展: 不支持在此结构上使用“_asm”关键字
     1>mrarth2.c(1262): error C2065: “push”: 未声明的标识符
     1>mrarth2.c(1262): error C2146: 语法错误: 缺少“;”(在标识符“edi”的前面)
     1>mrarth2.c(1263): error C2065: “edi”: 未声明的标识符
     1>mrarth2.c(1263): error C2143: 语法错误 : 缺少“;”(在“__asm”的前面)
     1>mrarth2.c(1263): error C4235: 使用了非标准扩展: 不支持在此结构上使用“_asm”关键字
     1>mrarth2.c(1263): error C2065: “mov”: 未声明的标识符
     1>mrarth2.c(1263): error C2146: 语法错误: 缺少“;”(在标识符“ecx”的前面)
     1>mrarth2.c(1263): error C2065: “ecx”: 未声明的标识符
     1>mrarth2.c(1264): error C2143: 语法错误 : 缺少“;”(在“__asm”的前面)
     1>mrarth2.c(1264): error C4235: 使用了非标准扩展: 不支持在此结构上使用“_asm”关键字
     1>mrarth2.c(1264): error C2065: “mov”: 未声明的标识符
     1>mrarth2.c(1264): error C2146: 语法错误: 缺少“;”(在标识符“esi”的前面)
     1>mrarth2.c(1264): error C2065: “esi”: 未声明的标识符
     1>mrarth2.c(1265): error C2143: 语法错误 : 缺少“;”(在“__asm”的前面)
     1>mrarth2.c(1265): error C4235: 使用了非标准扩展: 不支持在此结构上使用“_asm”关键字
     1>mrarth2.c(1265): error C2065: “shl”: 未声明的标识符
     1>mrarth2.c(1265): error C2146: 语法错误: 缺少“;”(在标识符“esi”的前面)
     1>mrarth2.c(1265): error C2065: “esi”: 未声明的标识符
     1>mrarth2.c(1266): error C2143: 语法错误 : 缺少“;”(在“__asm”的前面)
     1>mrarth2.c(1266): error C4235: 使用了非标准扩展: 不支持在此结构上使用“_asm”关键字
     1>mrarth2.c(1266): error C2065: “mov”: 未声明的标识符
     1>mrarth2.c(1266): error C2146: 语法错误: 缺少“;”(在标识符“edi”的前面)
     1>mrarth2.c(1266): error C2065: “edi”: 未声明的标识符
     1>mrarth2.c(1267): error C2143: 语法错误 : 缺少“;”(在“__asm”的前面)
     1>mrarth2.c(1267): error C4235: 使用了非标准扩展: 不支持在此结构上使用“_asm”关键字
     1>mrarth2.c(1267): error C2065: “mov”: 未声明的标识符
     1>mrarth2.c(1267): error C2146: 语法错误: 缺少“;”(在标识符“ebx”的前面)
     1>mrarth2.c(1267): error C2065: “ebx”: 未声明的标识符
     1>mrarth2.c(1268): error C2143: 语法错误 : 缺少“;”(在“__asm”的前面)
     1>mrarth2.c(1268): error C4235: 使用了非标准扩展: 不支持在此结构上使用“_asm”关键字
     1>mrarth2.c(1268): error C2146: 语法错误: 缺少“;”(在标识符“ebx”的前面)
     1>mrarth2.c(1268): warning C4550: 表达式计算为缺少参数列表的函数
     1>mrarth2.c(1268): error C2065: “ebx”: 未声明的标识符
     1>mrarth2.c(1269): error C2065: “esi”: 未声明的标识符
     1>mrarth2.c(1269): error C2143: 语法错误 : 缺少“;”(在“__asm”的前面)
     1>mrarth2.c(1269): fatal error C1003: 错误计数超过 100；正在停止编译
         mrarth1.c
     1>mrarth1.c(220): error C4235: 使用了非标准扩展: 不支持在此结构上使用“_asm”关键字
     1>mrarth1.c(220): error C2065: “mov”: 未声明的标识符
     1>mrarth1.c(220): error C2146: 语法错误: 缺少“;”(在标识符“ecx”的前面)
     1>mrarth1.c(220): error C2065: “ecx”: 未声明的标识符
     1>mrarth1.c(221): error C2143: 语法错误 : 缺少“;”(在“__asm”的前面)
     1>mrarth1.c(221): error C4235: 使用了非标准扩展: 不支持在此结构上使用“_asm”关键字
     1>mrarth1.c(221): error C2065: “or”: 未声明的标识符
     1>mrarth1.c(221): error C2146: 语法错误: 缺少“;”(在标识符“ecx”的前面)
     1>mrarth1.c(221): error C2065: “ecx”: 未声明的标识符
     1>mrarth1.c(222): error C2065: “ecx”: 未声明的标识符
     1>mrarth1.c(222): error C2143: 语法错误 : 缺少“;”(在“__asm”的前面)
     1>mrarth1.c(222): error C4235: 使用了非标准扩展: 不支持在此结构上使用“_asm”关键字
     1>mrarth1.c(222): error C2065: “je”: 未声明的标识符
     1>mrarth1.c(222): error C2146: 语法错误: 缺少“;”(在标识符“out1”的前面)
     1>mrarth1.c(223): error C2065: “out1”: 未声明的标识符
     1>mrarth1.c(223): error C2143: 语法错误 : 缺少“;”(在“__asm”的前面)
     1>mrarth1.c(223): error C4235: 使用了非标准扩展: 不支持在此结构上使用“_asm”关键字
     1>mrarth1.c(223): error C2065: “mov”: 未声明的标识符
     1>mrarth1.c(223): error C2146: 语法错误: 缺少“;”(在标识符“ebx”的前面)
     1>mrarth1.c(223): error C2065: “ebx”: 未声明的标识符
     1>mrarth1.c(224): error C2143: 语法错误 : 缺少“;”(在“__asm”的前面)
     1>mrarth1.c(224): error C4235: 使用了非标准扩展: 不支持在此结构上使用“_asm”关键字
     1>mrarth1.c(224): error C2065: “mov”: 未声明的标识符
     1>mrarth1.c(224): error C2146: 语法错误: 缺少“;”(在标识符“edi”的前面)
     1>mrarth1.c(224): error C2065: “edi”: 未声明的标识符
     1>mrarth1.c(225): error C2143: 语法错误 : 缺少“;”(在“__asm”的前面)
     1>mrarth1.c(225): error C4235: 使用了非标准扩展: 不支持在此结构上使用“_asm”关键字
     1>mrarth1.c(225): error C2065: “mov”: 未声明的标识符
     1>mrarth1.c(225): error C2146: 语法错误: 缺少“;”(在标识符“esi”的前面)
     1>mrarth1.c(225): error C2065: “esi”: 未声明的标识符
     1>mrarth1.c(226): error C2143: 语法错误 : 缺少“;”(在“__asm”的前面)
     1>mrarth1.c(226): error C4235: 使用了非标准扩展: 不支持在此结构上使用“_asm”关键字
     1>mrarth1.c(226): error C2065: “push”: 未声明的标识符
     1>mrarth1.c(226): error C2146: 语法错误: 缺少“;”(在标识符“ebp”的前面)
     1>mrarth1.c(227): error C2065: “ebp”: 未声明的标识符
     1>mrarth1.c(227): error C2143: 语法错误 : 缺少“;”(在“__asm”的前面)
     1>mrarth1.c(227): error C4235: 使用了非标准扩展: 不支持在此结构上使用“_asm”关键字
     1>mrarth1.c(227): error C2065: “xor”: 未声明的标识符
     1>mrarth1.c(227): error C2146: 语法错误: 缺少“;”(在标识符“ebp”的前面)
     1>mrarth1.c(227): error C2065: “ebp”: 未声明的标识符
     1>mrarth1.c(228): error C2065: “ebp”: 未声明的标识符
     1>mrarth1.c(228): error C2146: 语法错误: 缺少“;”(在标识符“tcl1”的前面)
     1>mrarth1.c(229): error C4235: 使用了非标准扩展: 不支持在此结构上使用“_asm”关键字
     1>mrarth1.c(229): error C2065: “mov”: 未声明的标识符
     1>mrarth1.c(229): error C2146: 语法错误: 缺少“;”(在标识符“eax”的前面)
     1>mrarth1.c(229): error C2065: “eax”: 未声明的标识符
     1>mrarth1.c(229): error C2059: 语法错误:“[”
     1>mrarth1.c(306): error C2059: 语法错误:“else”
     1>mrarth1.c(339): error C2059: 语法错误:“if”
     1>mrarth1.c(340): error C2059: 语法错误:“}”
     1>mrarth1.c(494): error C4235: 使用了非标准扩展: 不支持在此结构上使用“_asm”关键字
     1>mrarth1.c(494): error C2065: “mov”: 未声明的标识符
     1>mrarth1.c(494): error C2146: 语法错误: 缺少“;”(在标识符“ecx”的前面)
     1>mrarth1.c(494): error C2065: “ecx”: 未声明的标识符
     1>mrarth1.c(495): error C2143: 语法错误 : 缺少“;”(在“__asm”的前面)
     1>mrarth1.c(495): error C4235: 使用了非标准扩展: 不支持在此结构上使用“_asm”关键字
     1>mrarth1.c(495): error C2065: “or”: 未声明的标识符
     1>mrarth1.c(495): error C2146: 语法错误: 缺少“;”(在标识符“ecx”的前面)
     1>mrarth1.c(495): error C2065: “ecx”: 未声明的标识符
     1>mrarth1.c(496): error C2065: “ecx”: 未声明的标识符
     1>mrarth1.c(496): error C2143: 语法错误 : 缺少“;”(在“__asm”的前面)
     1>mrarth1.c(496): error C4235: 使用了非标准扩展: 不支持在此结构上使用“_asm”关键字
     1>mrarth1.c(496): error C2065: “je”: 未声明的标识符
     1>mrarth1.c(496): error C2146: 语法错误: 缺少“;”(在标识符“out2”的前面)
     1>mrarth1.c(497): error C2065: “out2”: 未声明的标识符
     1>mrarth1.c(497): error C2143: 语法错误 : 缺少“;”(在“__asm”的前面)
     1>mrarth1.c(497): error C4235: 使用了非标准扩展: 不支持在此结构上使用“_asm”关键字
     1>mrarth1.c(497): error C2065: “mov”: 未声明的标识符
     1>mrarth1.c(497): error C2146: 语法错误: 缺少“;”(在标识符“ebx”的前面)
     1>mrarth1.c(497): error C2065: “ebx”: 未声明的标识符
     1>mrarth1.c(498): error C2065: “ecx”: 未声明的标识符
     1>mrarth1.c(498): error C2143: 语法错误 : 缺少“;”(在“__asm”的前面)
     1>mrarth1.c(498): error C4235: 使用了非标准扩展: 不支持在此结构上使用“_asm”关键字
     1>mrarth1.c(498): error C2065: “shl”: 未声明的标识符
     1>mrarth1.c(498): error C2146: 语法错误: 缺少“;”(在标识符“ebx”的前面)
     1>mrarth1.c(498): error C2065: “ebx”: 未声明的标识符
     1>mrarth1.c(499): error C2143: 语法错误 : 缺少“;”(在“__asm”的前面)
     1>mrarth1.c(499): error C4235: 使用了非标准扩展: 不支持在此结构上使用“_asm”关键字
     1>mrarth1.c(499): error C2065: “mov”: 未声明的标识符
     1>mrarth1.c(499): error C2146: 语法错误: 缺少“;”(在标识符“esi”的前面)
     1>mrarth1.c(499): error C2065: “esi”: 未声明的标识符
     1>mrarth1.c(500): error C2143: 语法错误 : 缺少“;”(在“__asm”的前面)
     1>mrarth1.c(500): error C4235: 使用了非标准扩展: 不支持在此结构上使用“_asm”关键字
     1>mrarth1.c(500): error C2146: 语法错误: 缺少“;”(在标识符“esi”的前面)
     1>mrarth1.c(500): warning C4550: 表达式计算为缺少参数列表的函数
     1>mrarth1.c(500): error C2065: “esi”: 未声明的标识符
     1>mrarth1.c(501): error C2065: “ebx”: 未声明的标识符
     1>mrarth1.c(501): error C2143: 语法错误 : 缺少“;”(在“__asm”的前面)
     1>mrarth1.c(501): error C4235: 使用了非标准扩展: 不支持在此结构上使用“_asm”关键字
     1>mrarth1.c(501): error C2065: “mov”: 未声明的标识符
     1>mrarth1.c(501): error C2146: 语法错误: 缺少“;”(在标识符“edi”的前面)
     1>mrarth1.c(501): error C2065: “edi”: 未声明的标识符
     1>mrarth1.c(502): error C2143: 语法错误 : 缺少“;”(在“__asm”的前面)
     1>mrarth1.c(502): error C4235: 使用了非标准扩展: 不支持在此结构上使用“_asm”关键字
     1>mrarth1.c(502): error C2146: 语法错误: 缺少“;”(在标识符“edi”的前面)
     1>mrarth1.c(502): warning C4550: 表达式计算为缺少参数列表的函数
     1>mrarth1.c(502): error C2065: “edi”: 未声明的标识符
     1>mrarth1.c(503): error C2065: “ebx”: 未声明的标识符
     1>mrarth1.c(503): error C2143: 语法错误 : 缺少“;”(在“__asm”的前面)
     1>mrarth1.c(503): error C4235: 使用了非标准扩展: 不支持在此结构上使用“_asm”关键字
     1>mrarth1.c(503): error C2065: “mov”: 未声明的标识符
     1>mrarth1.c(503): error C2146: 语法错误: 缺少“;”(在标识符“ebx”的前面)
     1>mrarth1.c(503): error C2065: “ebx”: 未声明的标识符
     1>mrarth1.c(504): error C2143: 语法错误 : 缺少“;”(在“__asm”的前面)
     1>mrarth1.c(504): error C4235: 使用了非标准扩展: 不支持在此结构上使用“_asm”关键字
     1>mrarth1.c(504): error C2065: “push”: 未声明的标识符
     1>mrarth1.c(504): error C2146: 语法错误: 缺少“;”(在标识符“ebp”的前面)
     1>mrarth1.c(505): error C2065: “ebp”: 未声明的标识符
     1>mrarth1.c(505): error C2143: 语法错误 : 缺少“;”(在“__asm”的前面)
     1>mrarth1.c(505): error C4235: 使用了非标准扩展: 不支持在此结构上使用“_asm”关键字
     1>mrarth1.c(505): error C2065: “xor”: 未声明的标识符
     1>mrarth1.c(505): error C2146: 语法错误: 缺少“;”(在标识符“ebp”的前面)
     1>mrarth1.c(505): error C2065: “ebp”: 未声明的标识符
     1>mrarth1.c(506): error C2065: “ebp”: 未声明的标识符
     1>mrarth1.c(506): error C2146: 语法错误: 缺少“;”(在标识符“tcl2”的前面)
     1>mrarth1.c(507): error C4235: 使用了非标准扩展: 不支持在此结构上使用“_asm”关键字
     1>mrarth1.c(507): error C2065: “sub”: 未声明的标识符
     1>mrarth1.c(507): error C2146: 语法错误: 缺少“;”(在标识符“esi”的前面)
     1>mrarth1.c(507): error C2065: “esi”: 未声明的标识符
     1>mrarth1.c(508): error C2143: 语法错误 : 缺少“;”(在“__asm”的前面)
     1>mrarth1.c(508): error C4235: 使用了非标准扩展: 不支持在此结构上使用“_asm”关键字
     1>mrarth1.c(508): error C2065: “mov”: 未声明的标识符
     1>mrarth1.c(508): error C2146: 语法错误: 缺少“;”(在标识符“edx”的前面)
     1>mrarth1.c(508): error C2065: “edx”: 未声明的标识符
     1>mrarth1.c(509): error C2065: “ebp”: 未声明的标识符
     1>mrarth1.c(509): fatal error C1003: 错误计数超过 100；正在停止编译
         mrarth0.c
         mralloc.c
         mraes.c
         Generating Code...
     1>已完成生成项目“E:\windows\belial\miracl\miracl.vcxproj”(build 个目标)的操作 - 失败。

生成失败。

已用时间 00:00:00.93
